<?xml version="1.0" encoding="UTF-8"?>
<testsuite xmlns:xsi="http://www.w3.org/2001/XMLSchema-instance" xsi:noNamespaceSchemaLocation="https://maven.apache.org/surefire/maven-surefire-plugin/xsd/surefire-test-report.xsd" name="com.visiogenomx.app.AppTest" time="0.05" tests="1" errors="0" skipped="0" failures="0">
  <properties>
    <property name="java.specification.version" value="17"/>
    <property name="sun.cpu.isalist" value="amd64"/>
    <property name="sun.jnu.encoding" value="Cp1252"/>
    <property name="java.class.path" value="W:\visiogenomx\target\test-classes;W:\visiogenomx\target\classes;C:\Users\vasil\.m2\repository\junit\junit\4.11\junit-4.11.jar;C:\Users\vasil\.m2\repository\org\hamcrest\hamcrest-core\1.3\hamcrest-core-1.3.jar;C:\Users\vasil\.m2\repository\mysql\mysql-connector-java\8.0.27\mysql-connector-java-8.0.27.jar;C:\Users\vasil\.m2\repository\com\google\protobuf\protobuf-java\3.11.4\protobuf-java-3.11.4.jar;C:\Users\vasil\.m2\repository\org\biojava\biojava-core\6.0.0-alpha8\biojava-core-6.0.0-alpha8.jar;C:\Users\vasil\.m2\repository\org\slf4j\slf4j-api\1.7.30\slf4j-api-1.7.30.jar;C:\Users\vasil\.m2\repository\org\apache\logging\log4j\log4j-slf4j-impl\2.14.0\log4j-slf4j-impl-2.14.0.jar;C:\Users\vasil\.m2\repository\org\apache\logging\log4j\log4j-api\2.14.0\log4j-api-2.14.0.jar;C:\Users\vasil\.m2\repository\org\apache\logging\log4j\log4j-core\2.14.0\log4j-core-2.14.0.jar;C:\Users\vasil\.m2\repository\org\biojava\biojava-structure\6.0.0-alpha8\biojava-structure-6.0.0-alpha8.jar;C:\Users\vasil\.m2\repository\org\rcsb\ciftools-java-jdk8\3.0.0\ciftools-java-jdk8-3.0.0.jar;C:\Users\vasil\.m2\repository\javax\annotation\javax.annotation-api\1.3.2\javax.annotation-api-1.3.2.jar;C:\Users\vasil\.m2\repository\com\google\code\gson\gson\2.8.7\gson-2.8.7.jar;C:\Users\vasil\.m2\repository\org\rcsb\mmtf-api\1.0.10\mmtf-api-1.0.10.jar;C:\Users\vasil\.m2\repository\org\rcsb\mmtf-serialization\1.0.10\mmtf-serialization-1.0.10.jar;C:\Users\vasil\.m2\repository\org\msgpack\jackson-dataformat-msgpack\0.8.24\jackson-dataformat-msgpack-0.8.24.jar;C:\Users\vasil\.m2\repository\org\msgpack\msgpack-core\0.8.24\msgpack-core-0.8.24.jar;C:\Users\vasil\.m2\repository\com\fasterxml\jackson\core\jackson-databind\2.10.5\jackson-databind-2.10.5.jar;C:\Users\vasil\.m2\repository\com\fasterxml\jackson\core\jackson-annotations\2.10.5\jackson-annotations-2.10.5.jar;C:\Users\vasil\.m2\repository\com\fasterxml\jackson\core\jackson-core\2.10.5\jackson-core-2.10.5.jar;C:\Users\vasil\.m2\repository\org\rcsb\mmtf-codec\1.0.10\mmtf-codec-1.0.10.jar;C:\Users\vasil\.m2\repository\commons-lang\commons-lang\2.4\commons-lang-2.4.jar;C:\Users\vasil\.m2\repository\org\biojava\biojava-alignment\6.0.0-alpha8\biojava-alignment-6.0.0-alpha8.jar;C:\Users\vasil\.m2\repository\org\biojava\thirdparty\forester\1.039\forester-1.039.jar;C:\Users\vasil\.m2\repository\commons-codec\commons-codec\1.5\commons-codec-1.5.jar;C:\Users\vasil\.m2\repository\openchart\openchart\1.4.2\openchart-1.4.2.jar;C:\Users\vasil\.m2\repository\java3d\vecmath\1.3.1\vecmath-1.3.1.jar;C:\Users\vasil\.m2\repository\org\jgrapht\jgrapht-core\1.1.0\jgrapht-core-1.1.0.jar;C:\Users\vasil\.m2\repository\javax\xml\bind\jaxb-api\2.3.1\jaxb-api-2.3.1.jar;C:\Users\vasil\.m2\repository\javax\activation\javax.activation-api\1.2.0\javax.activation-api-1.2.0.jar;C:\Users\vasil\.m2\repository\com\sun\xml\bind\jaxb-core\2.3.0.1\jaxb-core-2.3.0.1.jar;C:\Users\vasil\.m2\repository\com\sun\xml\bind\jaxb-impl\2.3.3\jaxb-impl-2.3.3.jar;C:\Users\vasil\.m2\repository\jakarta\xml\bind\jakarta.xml.bind-api\2.3.3\jakarta.xml.bind-api-2.3.3.jar;C:\Users\vasil\.m2\repository\com\sun\activation\jakarta.activation\1.2.2\jakarta.activation-1.2.2.jar;C:\Users\vasil\.m2\repository\javax\activation\activation\1.1.1\activation-1.1.1.jar;C:\Users\vasil\.m2\repository\org\biojava\biojava-structure-gui\6.0.0-alpha8\biojava-structure-gui-6.0.0-alpha8.jar;C:\Users\vasil\.m2\repository\net\sourceforge\jmol\jmol\14.31.10\jmol-14.31.10.jar;C:\Users\vasil\.m2\repository\org\biojava\jcolorbrewer\5.2\jcolorbrewer-5.2.jar;C:\Users\vasil\.m2\repository\com\sparkjava\spark-template-handlebars\2.7.1\spark-template-handlebars-2.7.1.jar;C:\Users\vasil\.m2\repository\com\github\jknack\handlebars\4.0.6\handlebars-4.0.6.jar;C:\Users\vasil\.m2\repository\org\apache\commons\commons-lang3\3.1\commons-lang3-3.1.jar;C:\Users\vasil\.m2\repository\org\antlr\antlr4-runtime\4.5.1-1\antlr4-runtime-4.5.1-1.jar;C:\Users\vasil\.m2\repository\org\mozilla\rhino\1.7R4\rhino-1.7R4.jar;C:\Users\vasil\.m2\repository\com\github\jknack\handlebars-guava-cache\4.0.6\handlebars-guava-cache-4.0.6.jar;C:\Users\vasil\.m2\repository\com\google\guava\guava\14.0.1\guava-14.0.1.jar;C:\Users\vasil\.m2\repository\com\sparkjava\spark-core\2.5.5\spark-core-2.5.5.jar;C:\Users\vasil\.m2\repository\org\eclipse\jetty\jetty-server\9.3.6.v20151106\jetty-server-9.3.6.v20151106.jar;C:\Users\vasil\.m2\repository\javax\servlet\javax.servlet-api\3.1.0\javax.servlet-api-3.1.0.jar;C:\Users\vasil\.m2\repository\org\eclipse\jetty\jetty-http\9.3.6.v20151106\jetty-http-9.3.6.v20151106.jar;C:\Users\vasil\.m2\repository\org\eclipse\jetty\jetty-util\9.3.6.v20151106\jetty-util-9.3.6.v20151106.jar;C:\Users\vasil\.m2\repository\org\eclipse\jetty\jetty-io\9.3.6.v20151106\jetty-io-9.3.6.v20151106.jar;C:\Users\vasil\.m2\repository\org\eclipse\jetty\jetty-webapp\9.3.6.v20151106\jetty-webapp-9.3.6.v20151106.jar;C:\Users\vasil\.m2\repository\org\eclipse\jetty\jetty-xml\9.3.6.v20151106\jetty-xml-9.3.6.v20151106.jar;C:\Users\vasil\.m2\repository\org\eclipse\jetty\jetty-servlet\9.3.6.v20151106\jetty-servlet-9.3.6.v20151106.jar;C:\Users\vasil\.m2\repository\org\eclipse\jetty\jetty-security\9.3.6.v20151106\jetty-security-9.3.6.v20151106.jar;C:\Users\vasil\.m2\repository\org\eclipse\jetty\websocket\websocket-server\9.3.6.v20151106\websocket-server-9.3.6.v20151106.jar;C:\Users\vasil\.m2\repository\org\eclipse\jetty\websocket\websocket-common\9.3.6.v20151106\websocket-common-9.3.6.v20151106.jar;C:\Users\vasil\.m2\repository\org\eclipse\jetty\websocket\websocket-client\9.3.6.v20151106\websocket-client-9.3.6.v20151106.jar;C:\Users\vasil\.m2\repository\org\eclipse\jetty\websocket\websocket-servlet\9.3.6.v20151106\websocket-servlet-9.3.6.v20151106.jar;C:\Users\vasil\.m2\repository\org\eclipse\jetty\websocket\websocket-api\9.3.6.v20151106\websocket-api-9.3.6.v20151106.jar;"/>
    <property name="java.vm.vendor" value="Oracle Corporation"/>
    <property name="sun.arch.data.model" value="64"/>
    <property name="user.variant" value=""/>
    <property name="java.vendor.url" value="https://java.oracle.com/"/>
    <property name="user.timezone" value="Europe/Bucharest"/>
    <property name="os.name" value="Windows 10"/>
    <property name="java.vm.specification.version" value="17"/>
    <property name="sun.java.launcher" value="SUN_STANDARD"/>
    <property name="user.country" value="US"/>
    <property name="sun.boot.library.path" value="C:\Program Files\Java\jdk-17\bin"/>
    <property name="sun.java.command" value="C:\Users\vasil\AppData\Local\Temp\surefire16375260468799476116\surefirebooter14692635062893075533.jar C:\Users\vasil\AppData\Local\Temp\surefire16375260468799476116 2021-10-19T22-47-01_721-jvmRun1 surefire15953577038968487417tmp surefire_013068055120041270086tmp"/>
    <property name="jdk.debug" value="release"/>
    <property name="surefire.test.class.path" value="W:\visiogenomx\target\test-classes;W:\visiogenomx\target\classes;C:\Users\vasil\.m2\repository\junit\junit\4.11\junit-4.11.jar;C:\Users\vasil\.m2\repository\org\hamcrest\hamcrest-core\1.3\hamcrest-core-1.3.jar;C:\Users\vasil\.m2\repository\mysql\mysql-connector-java\8.0.27\mysql-connector-java-8.0.27.jar;C:\Users\vasil\.m2\repository\com\google\protobuf\protobuf-java\3.11.4\protobuf-java-3.11.4.jar;C:\Users\vasil\.m2\repository\org\biojava\biojava-core\6.0.0-alpha8\biojava-core-6.0.0-alpha8.jar;C:\Users\vasil\.m2\repository\org\slf4j\slf4j-api\1.7.30\slf4j-api-1.7.30.jar;C:\Users\vasil\.m2\repository\org\apache\logging\log4j\log4j-slf4j-impl\2.14.0\log4j-slf4j-impl-2.14.0.jar;C:\Users\vasil\.m2\repository\org\apache\logging\log4j\log4j-api\2.14.0\log4j-api-2.14.0.jar;C:\Users\vasil\.m2\repository\org\apache\logging\log4j\log4j-core\2.14.0\log4j-core-2.14.0.jar;C:\Users\vasil\.m2\repository\org\biojava\biojava-structure\6.0.0-alpha8\biojava-structure-6.0.0-alpha8.jar;C:\Users\vasil\.m2\repository\org\rcsb\ciftools-java-jdk8\3.0.0\ciftools-java-jdk8-3.0.0.jar;C:\Users\vasil\.m2\repository\javax\annotation\javax.annotation-api\1.3.2\javax.annotation-api-1.3.2.jar;C:\Users\vasil\.m2\repository\com\google\code\gson\gson\2.8.7\gson-2.8.7.jar;C:\Users\vasil\.m2\repository\org\rcsb\mmtf-api\1.0.10\mmtf-api-1.0.10.jar;C:\Users\vasil\.m2\repository\org\rcsb\mmtf-serialization\1.0.10\mmtf-serialization-1.0.10.jar;C:\Users\vasil\.m2\repository\org\msgpack\jackson-dataformat-msgpack\0.8.24\jackson-dataformat-msgpack-0.8.24.jar;C:\Users\vasil\.m2\repository\org\msgpack\msgpack-core\0.8.24\msgpack-core-0.8.24.jar;C:\Users\vasil\.m2\repository\com\fasterxml\jackson\core\jackson-databind\2.10.5\jackson-databind-2.10.5.jar;C:\Users\vasil\.m2\repository\com\fasterxml\jackson\core\jackson-annotations\2.10.5\jackson-annotations-2.10.5.jar;C:\Users\vasil\.m2\repository\com\fasterxml\jackson\core\jackson-core\2.10.5\jackson-core-2.10.5.jar;C:\Users\vasil\.m2\repository\org\rcsb\mmtf-codec\1.0.10\mmtf-codec-1.0.10.jar;C:\Users\vasil\.m2\repository\commons-lang\commons-lang\2.4\commons-lang-2.4.jar;C:\Users\vasil\.m2\repository\org\biojava\biojava-alignment\6.0.0-alpha8\biojava-alignment-6.0.0-alpha8.jar;C:\Users\vasil\.m2\repository\org\biojava\thirdparty\forester\1.039\forester-1.039.jar;C:\Users\vasil\.m2\repository\commons-codec\commons-codec\1.5\commons-codec-1.5.jar;C:\Users\vasil\.m2\repository\openchart\openchart\1.4.2\openchart-1.4.2.jar;C:\Users\vasil\.m2\repository\java3d\vecmath\1.3.1\vecmath-1.3.1.jar;C:\Users\vasil\.m2\repository\org\jgrapht\jgrapht-core\1.1.0\jgrapht-core-1.1.0.jar;C:\Users\vasil\.m2\repository\javax\xml\bind\jaxb-api\2.3.1\jaxb-api-2.3.1.jar;C:\Users\vasil\.m2\repository\javax\activation\javax.activation-api\1.2.0\javax.activation-api-1.2.0.jar;C:\Users\vasil\.m2\repository\com\sun\xml\bind\jaxb-core\2.3.0.1\jaxb-core-2.3.0.1.jar;C:\Users\vasil\.m2\repository\com\sun\xml\bind\jaxb-impl\2.3.3\jaxb-impl-2.3.3.jar;C:\Users\vasil\.m2\repository\jakarta\xml\bind\jakarta.xml.bind-api\2.3.3\jakarta.xml.bind-api-2.3.3.jar;C:\Users\vasil\.m2\repository\com\sun\activation\jakarta.activation\1.2.2\jakarta.activation-1.2.2.jar;C:\Users\vasil\.m2\repository\javax\activation\activation\1.1.1\activation-1.1.1.jar;C:\Users\vasil\.m2\repository\org\biojava\biojava-structure-gui\6.0.0-alpha8\biojava-structure-gui-6.0.0-alpha8.jar;C:\Users\vasil\.m2\repository\net\sourceforge\jmol\jmol\14.31.10\jmol-14.31.10.jar;C:\Users\vasil\.m2\repository\org\biojava\jcolorbrewer\5.2\jcolorbrewer-5.2.jar;C:\Users\vasil\.m2\repository\com\sparkjava\spark-template-handlebars\2.7.1\spark-template-handlebars-2.7.1.jar;C:\Users\vasil\.m2\repository\com\github\jknack\handlebars\4.0.6\handlebars-4.0.6.jar;C:\Users\vasil\.m2\repository\org\apache\commons\commons-lang3\3.1\commons-lang3-3.1.jar;C:\Users\vasil\.m2\repository\org\antlr\antlr4-runtime\4.5.1-1\antlr4-runtime-4.5.1-1.jar;C:\Users\vasil\.m2\repository\org\mozilla\rhino\1.7R4\rhino-1.7R4.jar;C:\Users\vasil\.m2\repository\com\github\jknack\handlebars-guava-cache\4.0.6\handlebars-guava-cache-4.0.6.jar;C:\Users\vasil\.m2\repository\com\google\guava\guava\14.0.1\guava-14.0.1.jar;C:\Users\vasil\.m2\repository\com\sparkjava\spark-core\2.5.5\spark-core-2.5.5.jar;C:\Users\vasil\.m2\repository\org\eclipse\jetty\jetty-server\9.3.6.v20151106\jetty-server-9.3.6.v20151106.jar;C:\Users\vasil\.m2\repository\javax\servlet\javax.servlet-api\3.1.0\javax.servlet-api-3.1.0.jar;C:\Users\vasil\.m2\repository\org\eclipse\jetty\jetty-http\9.3.6.v20151106\jetty-http-9.3.6.v20151106.jar;C:\Users\vasil\.m2\repository\org\eclipse\jetty\jetty-util\9.3.6.v20151106\jetty-util-9.3.6.v20151106.jar;C:\Users\vasil\.m2\repository\org\eclipse\jetty\jetty-io\9.3.6.v20151106\jetty-io-9.3.6.v20151106.jar;C:\Users\vasil\.m2\repository\org\eclipse\jetty\jetty-webapp\9.3.6.v20151106\jetty-webapp-9.3.6.v20151106.jar;C:\Users\vasil\.m2\repository\org\eclipse\jetty\jetty-xml\9.3.6.v20151106\jetty-xml-9.3.6.v20151106.jar;C:\Users\vasil\.m2\repository\org\eclipse\jetty\jetty-servlet\9.3.6.v20151106\jetty-servlet-9.3.6.v20151106.jar;C:\Users\vasil\.m2\repository\org\eclipse\jetty\jetty-security\9.3.6.v20151106\jetty-security-9.3.6.v20151106.jar;C:\Users\vasil\.m2\repository\org\eclipse\jetty\websocket\websocket-server\9.3.6.v20151106\websocket-server-9.3.6.v20151106.jar;C:\Users\vasil\.m2\repository\org\eclipse\jetty\websocket\websocket-common\9.3.6.v20151106\websocket-common-9.3.6.v20151106.jar;C:\Users\vasil\.m2\repository\org\eclipse\jetty\websocket\websocket-client\9.3.6.v20151106\websocket-client-9.3.6.v20151106.jar;C:\Users\vasil\.m2\repository\org\eclipse\jetty\websocket\websocket-servlet\9.3.6.v20151106\websocket-servlet-9.3.6.v20151106.jar;C:\Users\vasil\.m2\repository\org\eclipse\jetty\websocket\websocket-api\9.3.6.v20151106\websocket-api-9.3.6.v20151106.jar;"/>
    <property name="sun.cpu.endian" value="little"/>
    <property name="user.home" value="C:\Users\vasil"/>
    <property name="user.language" value="en"/>
    <property name="java.specification.vendor" value="Oracle Corporation"/>
    <property name="java.version.date" value="2021-09-14"/>
    <property name="java.home" value="C:\Program Files\Java\jdk-17"/>
    <property name="file.separator" value="\"/>
    <property name="basedir" value="W:\visiogenomx"/>
    <property name="java.vm.compressedOopsMode" value="32-bit"/>
    <property name="line.separator" value="&#10;"/>
    <property name="java.vm.specification.vendor" value="Oracle Corporation"/>
    <property name="java.specification.name" value="Java Platform API Specification"/>
    <property name="surefire.real.class.path" value="C:\Users\vasil\AppData\Local\Temp\surefire16375260468799476116\surefirebooter14692635062893075533.jar"/>
    <property name="user.script" value=""/>
    <property name="sun.management.compiler" value="HotSpot 64-Bit Tiered Compilers"/>
    <property name="java.runtime.version" value="17+35-LTS-2724"/>
    <property name="user.name" value="vasil"/>
    <property name="path.separator" value=";"/>
    <property name="os.version" value="10.0"/>
    <property name="java.runtime.name" value="Java(TM) SE Runtime Environment"/>
    <property name="file.encoding" value="Cp1252"/>
    <property name="java.vm.name" value="Java HotSpot(TM) 64-Bit Server VM"/>
    <property name="localRepository" value="C:\Users\vasil\.m2\repository"/>
    <property name="java.vendor.url.bug" value="https://bugreport.java.com/bugreport/"/>
    <property name="java.io.tmpdir" value="C:\Users\vasil\AppData\Local\Temp\"/>
    <property name="java.version" value="17"/>
    <property name="user.dir" value="W:\visiogenomx"/>
    <property name="os.arch" value="amd64"/>
    <property name="java.vm.specification.name" value="Java Virtual Machine Specification"/>
    <property name="sun.os.patch.level" value=""/>
    <property name="native.encoding" value="Cp1252"/>
    <property name="java.library.path" value="C:\Program Files\Java\jdk-17\bin;C:\WINDOWS\Sun\Java\bin;C:\WINDOWS\system32;C:\WINDOWS;C:\Python310\Scripts\;C:\Python310\;C:\Program Files\Common Files\Oracle\Java\javapath;C:\Program Files (x86)\Common Files\Oracle\Java\javapath;C:\Python\Python39\Scripts\;C:\Python\Python39\;C:\Program Files (x86)\Intel\Intel(R) Management Engine Components\iCLS\;C:\Program Files\Intel\Intel(R) Management Engine Components\iCLS\;C:\Windows\system32;C:\Windows;C:\Windows\System32\Wbem;C:\Windows\System32\WindowsPowerShell\v1.0\;C:\Windows\System32\OpenSSH\;C:\Program Files (x86)\NVIDIA Corporation\PhysX\Common;C:\WINDOWS\system32;C:\WINDOWS;C:\WINDOWS\System32\Wbem;C:\WINDOWS\System32\WindowsPowerShell\v1.0\;C:\WINDOWS\System32\OpenSSH\;C:\Program Files\Git\cmd;C:\MinGW\bin;C:\Gradle\gradle-7.2\bin;C:\Program Files\Maven\apache-maven-3.8.3\bin;C:\Program Files\nodejs\;C:\ProgramData\chocolatey\bin;C:\Users\vasil\AppData\Local\Microsoft\WindowsApps;;C:\Program Files\CMake\bin;C:\Program Files\JetBrains\IntelliJ IDEA Community Edition 2021.2.2\bin;;C:\Users\vasil\AppData\Local\Programs\Microsoft VS Code\bin;C:\Users\vasil\AppData\Roaming\npm;."/>
    <property name="java.vm.info" value="mixed mode, sharing"/>
    <property name="java.vendor" value="Oracle Corporation"/>
    <property name="java.vm.version" value="17+35-LTS-2724"/>
    <property name="sun.io.unicode.encoding" value="UnicodeLittle"/>
    <property name="java.class.version" value="61.0"/>
  </properties>
  <testcase name="shouldAnswerWithTrue" classname="com.visiogenomx.app.AppTest" time="0.002"/>
</testsuite>